{
  "uid" : "77d3b2990e5380c2",
  "name" : "测试登录正常",
  "fullName" : "Testcases.test_2buy.TestLogin#test_login",
  "historyId" : "a404df02f600ced5f37d055b093f39d6",
  "time" : {
    "start" : 1574217341752,
    "stop" : 1574217377418,
    "duration" : 35666
  },
  "description" : "这是验证码登录的成功用例",
  "descriptionHtml" : "<p>这是验证码登录的成功用例</p>\n",
  "status" : "broken",
  "statusMessage" : "selenium.common.exceptions.TimeoutException: Message:",
  "statusTrace" : "self = <Testcases.test_2buy.TestLogin object at 0x0000000004DAEB70>\nopen_url1 = <selenium.webdriver.chrome.webdriver.WebDriver (session=\"43e50e8794722cc7433a2692760aaa9b\")>\n\n    @allure.story('登录')\n    @allure.title('测试登录正常')\n    @allure.description('这是验证码登录的成功用例')\n    @allure.link('www.baidu.com')\n    @pytest.mark.demo\n    def test_login(self,open_url1):\n        # try:\n            lp(open_url1).login_code(bd.login_data[\"user\"],bd.login_data[\"passwd\"])\n            time.sleep(5)\n>           assert True == ip(open_url1).login_check()\n\ntest_2buy.py:31: \n_ _ _ _ _ _ _ _ _ _ _ _ _ _ _ _ _ _ _ _ _ _ _ _ _ _ _ _ _ _ _ _ _ _ _ _ _ _ _ _\n..\\PageObjects\\pc\\index_page.py:16: in login_check\n    EC.visibility_of_element_located((By.ID,'gosupplier')))\n_ _ _ _ _ _ _ _ _ _ _ _ _ _ _ _ _ _ _ _ _ _ _ _ _ _ _ _ _ _ _ _ _ _ _ _ _ _ _ _\n\nself = <selenium.webdriver.support.wait.WebDriverWait (session=\"43e50e8794722cc7433a2692760aaa9b\")>\nmethod = <selenium.webdriver.support.expected_conditions.visibility_of_element_located object at 0x0000000004DC3908>\nmessage = ''\n\n    def until(self, method, message=''):\n        \"\"\"Calls the method provided with the driver as an argument until the \\\n        return value is not False.\"\"\"\n        screen = None\n        stacktrace = None\n    \n        end_time = time.time() + self._timeout\n        while True:\n            try:\n                value = method(self._driver)\n                if value:\n                    return value\n            except self._ignored_exceptions as exc:\n                screen = getattr(exc, 'screen', None)\n                stacktrace = getattr(exc, 'stacktrace', None)\n            time.sleep(self._poll)\n            if time.time() > end_time:\n                break\n>       raise TimeoutException(message, screen, stacktrace)\nE       selenium.common.exceptions.TimeoutException: Message:\n\nE:\\Python3\\lib\\site-packages\\selenium\\webdriver\\support\\wait.py:80: TimeoutException",
  "flaky" : false,
  "newFailed" : false,
  "beforeStages" : [ {
    "name" : "session_action",
    "time" : {
      "start" : 1574217333518,
      "stop" : 1574217333518,
      "duration" : 0
    },
    "status" : "passed",
    "steps" : [ {
      "name" : "测试开始",
      "time" : {
        "start" : 1574217333518,
        "stop" : 1574217333518,
        "duration" : 0
      },
      "status" : "passed",
      "steps" : [ ],
      "attachments" : [ ],
      "parameters" : [ ],
      "attachmentsCount" : 0,
      "shouldDisplayMessage" : false,
      "stepsCount" : 0,
      "hasContent" : false
    } ],
    "attachments" : [ ],
    "parameters" : [ ],
    "attachmentsCount" : 0,
    "shouldDisplayMessage" : false,
    "stepsCount" : 1,
    "hasContent" : true
  }, {
    "name" : "open_url1",
    "time" : {
      "start" : 1574217333518,
      "stop" : 1574217341750,
      "duration" : 8232
    },
    "status" : "passed",
    "steps" : [ ],
    "attachments" : [ ],
    "parameters" : [ ],
    "attachmentsCount" : 0,
    "shouldDisplayMessage" : false,
    "stepsCount" : 0,
    "hasContent" : false
  } ],
  "testStage" : {
    "description" : "这是验证码登录的成功用例",
    "status" : "broken",
    "statusMessage" : "selenium.common.exceptions.TimeoutException: Message:",
    "statusTrace" : "self = <Testcases.test_2buy.TestLogin object at 0x0000000004DAEB70>\nopen_url1 = <selenium.webdriver.chrome.webdriver.WebDriver (session=\"43e50e8794722cc7433a2692760aaa9b\")>\n\n    @allure.story('登录')\n    @allure.title('测试登录正常')\n    @allure.description('这是验证码登录的成功用例')\n    @allure.link('www.baidu.com')\n    @pytest.mark.demo\n    def test_login(self,open_url1):\n        # try:\n            lp(open_url1).login_code(bd.login_data[\"user\"],bd.login_data[\"passwd\"])\n            time.sleep(5)\n>           assert True == ip(open_url1).login_check()\n\ntest_2buy.py:31: \n_ _ _ _ _ _ _ _ _ _ _ _ _ _ _ _ _ _ _ _ _ _ _ _ _ _ _ _ _ _ _ _ _ _ _ _ _ _ _ _\n..\\PageObjects\\pc\\index_page.py:16: in login_check\n    EC.visibility_of_element_located((By.ID,'gosupplier')))\n_ _ _ _ _ _ _ _ _ _ _ _ _ _ _ _ _ _ _ _ _ _ _ _ _ _ _ _ _ _ _ _ _ _ _ _ _ _ _ _\n\nself = <selenium.webdriver.support.wait.WebDriverWait (session=\"43e50e8794722cc7433a2692760aaa9b\")>\nmethod = <selenium.webdriver.support.expected_conditions.visibility_of_element_located object at 0x0000000004DC3908>\nmessage = ''\n\n    def until(self, method, message=''):\n        \"\"\"Calls the method provided with the driver as an argument until the \\\n        return value is not False.\"\"\"\n        screen = None\n        stacktrace = None\n    \n        end_time = time.time() + self._timeout\n        while True:\n            try:\n                value = method(self._driver)\n                if value:\n                    return value\n            except self._ignored_exceptions as exc:\n                screen = getattr(exc, 'screen', None)\n                stacktrace = getattr(exc, 'stacktrace', None)\n            time.sleep(self._poll)\n            if time.time() > end_time:\n                break\n>       raise TimeoutException(message, screen, stacktrace)\nE       selenium.common.exceptions.TimeoutException: Message:\n\nE:\\Python3\\lib\\site-packages\\selenium\\webdriver\\support\\wait.py:80: TimeoutException",
    "steps" : [ {
      "name" : "验证码登录",
      "time" : {
        "start" : 1574217341752,
        "stop" : 1574217342100,
        "duration" : 348
      },
      "status" : "passed",
      "steps" : [ ],
      "attachments" : [ ],
      "parameters" : [ {
        "name" : "user",
        "value" : "'176251188013'"
      }, {
        "name" : "passwd",
        "value" : "'sD2q'"
      } ],
      "attachmentsCount" : 0,
      "shouldDisplayMessage" : false,
      "stepsCount" : 0,
      "hasContent" : true
    } ],
    "attachments" : [ {
      "uid" : "4c067acf13d1411b",
      "name" : "log",
      "source" : "4c067acf13d1411b.txt",
      "type" : "text/plain",
      "size" : 1498
    }, {
      "uid" : "2c5995576fb2587a",
      "name" : "stderr",
      "source" : "2c5995576fb2587a.txt",
      "type" : "text/plain",
      "size" : 1871
    } ],
    "parameters" : [ ],
    "attachmentsCount" : 2,
    "shouldDisplayMessage" : true,
    "stepsCount" : 1,
    "hasContent" : true
  },
  "afterStages" : [ {
    "name" : "open_url1::0",
    "time" : {
      "start" : 1574217377515,
      "stop" : 1574217380678,
      "duration" : 3163
    },
    "status" : "passed",
    "steps" : [ ],
    "attachments" : [ ],
    "parameters" : [ ],
    "attachmentsCount" : 0,
    "shouldDisplayMessage" : false,
    "stepsCount" : 0,
    "hasContent" : false
  } ],
  "labels" : [ {
    "name" : "feature",
    "value" : "每日用例-加购"
  }, {
    "name" : "story",
    "value" : "登录"
  }, {
    "name" : "tag",
    "value" : "demo"
  }, {
    "name" : "parentSuite",
    "value" : "Testcases"
  }, {
    "name" : "suite",
    "value" : "test_2buy"
  }, {
    "name" : "subSuite",
    "value" : "TestLogin"
  }, {
    "name" : "host",
    "value" : "JS-CS-002"
  }, {
    "name" : "thread",
    "value" : "34264-MainThread"
  }, {
    "name" : "framework",
    "value" : "pytest"
  }, {
    "name" : "language",
    "value" : "cpython3"
  }, {
    "name" : "package",
    "value" : "Testcases.test_2buy"
  }, {
    "name" : "resultFormat",
    "value" : "allure2"
  } ],
  "parameters" : [ ],
  "links" : [ {
    "name" : "www.baidu.com",
    "url" : "www.baidu.com",
    "type" : "link"
  } ],
  "hidden" : true,
  "retry" : true,
  "extra" : {
    "categories" : [ ],
    "tags" : [ "demo" ]
  },
  "source" : "77d3b2990e5380c2.json",
  "parameterValues" : [ ]
}