{
  "uid" : "7a13117186015c89",
  "name" : "测试镜片加入购物车",
  "fullName" : "Testcases.test_2buy.TestLogin#test_buy_jp",
  "historyId" : "f6496e9aa4208c2da79cd3880adefbb7",
  "time" : {
    "start" : 1574322126254,
    "stop" : 1574322164537,
    "duration" : 38283
  },
  "description" : "这是镜片加入购物车的成功用例",
  "descriptionHtml" : "<p>这是镜片加入购物车的成功用例</p>\n",
  "status" : "broken",
  "statusMessage" : "selenium.common.exceptions.TimeoutException: Message:",
  "statusTrace" : "self = <Testcases.test_2buy.TestLogin object at 0x0000000004DFAEF0>\nopen_url1 = <selenium.webdriver.chrome.webdriver.WebDriver (session=\"78725ab22fa61920de9cdcff4c3e9a97\")>\n\n    @pytest.mark.demo\n    @allure.story('测试镜片加入购物车')\n    @allure.title('测试镜片加入购物车')\n    @allure.description('这是镜片加入购物车的成功用例')\n    def test_buy_jp(self, open_url1):\n        hp(open_url1).search(bd.success_data_jp[\"title\"])\n        time.sleep(2)\n        # 是否进入搜索结果页\n        assert unquote(open_url1.current_url, encoding='utf-8') == bd.success_data_jp[\"check_url\"]\n        # 点击进入商品详情页,并切换窗口\n        hp(open_url1).click_jp()\n        # 验证是否进入\n        time.sleep(3)\n        assert unquote(open_url1.current_url, encoding='utf-8') == bd.success_data_jp[\"check_product_url\"]\n        # 选择sku并加入购物车\n>       pp(open_url1).banlvhe(bd.success_data_jp[\"count\"])\n\ntest_2buy.py:140: \n_ _ _ _ _ _ _ _ _ _ _ _ _ _ _ _ _ _ _ _ _ _ _ _ _ _ _ _ _ _ _ _ _ _ _ _ _ _ _ _\n..\\PageObjects\\pc\\product_page.py:44: in banlvhe\n    self.input_text(ppl.blh_count, '选择数量', c)\n..\\common\\basepage.py:118: in input_text\n    self.wait_eleVisible(loc,img_doc)\n..\\common\\basepage.py:28: in wait_eleVisible\n    WebDriverWait(self.driver,timeout,frequency).until(EC.visibility_of_element_located(loc))\n_ _ _ _ _ _ _ _ _ _ _ _ _ _ _ _ _ _ _ _ _ _ _ _ _ _ _ _ _ _ _ _ _ _ _ _ _ _ _ _\n\nself = <selenium.webdriver.support.wait.WebDriverWait (session=\"78725ab22fa61920de9cdcff4c3e9a97\")>\nmethod = <selenium.webdriver.support.expected_conditions.visibility_of_element_located object at 0x0000000004E22860>\nmessage = ''\n\n    def until(self, method, message=''):\n        \"\"\"Calls the method provided with the driver as an argument until the \\\n        return value is not False.\"\"\"\n        screen = None\n        stacktrace = None\n    \n        end_time = time.time() + self._timeout\n        while True:\n            try:\n                value = method(self._driver)\n                if value:\n                    return value\n            except self._ignored_exceptions as exc:\n                screen = getattr(exc, 'screen', None)\n                stacktrace = getattr(exc, 'stacktrace', None)\n            time.sleep(self._poll)\n            if time.time() > end_time:\n                break\n>       raise TimeoutException(message, screen, stacktrace)\nE       selenium.common.exceptions.TimeoutException: Message:\n\nE:\\Python3\\lib\\site-packages\\selenium\\webdriver\\support\\wait.py:80: TimeoutException",
  "flaky" : false,
  "newFailed" : false,
  "beforeStages" : [ {
    "name" : "session_action",
    "time" : {
      "start" : 1574322100286,
      "stop" : 1574322100287,
      "duration" : 1
    },
    "status" : "passed",
    "steps" : [ ],
    "attachments" : [ ],
    "parameters" : [ ],
    "attachmentsCount" : 0,
    "shouldDisplayMessage" : false,
    "stepsCount" : 0,
    "hasContent" : false
  }, {
    "name" : "open_url1",
    "time" : {
      "start" : 1574322100287,
      "stop" : 1574322107746,
      "duration" : 7459
    },
    "status" : "passed",
    "steps" : [ ],
    "attachments" : [ ],
    "parameters" : [ ],
    "attachmentsCount" : 0,
    "shouldDisplayMessage" : false,
    "stepsCount" : 0,
    "hasContent" : false
  } ],
  "testStage" : {
    "description" : "这是镜片加入购物车的成功用例",
    "status" : "broken",
    "statusMessage" : "selenium.common.exceptions.TimeoutException: Message:",
    "statusTrace" : "self = <Testcases.test_2buy.TestLogin object at 0x0000000004DFAEF0>\nopen_url1 = <selenium.webdriver.chrome.webdriver.WebDriver (session=\"78725ab22fa61920de9cdcff4c3e9a97\")>\n\n    @pytest.mark.demo\n    @allure.story('测试镜片加入购物车')\n    @allure.title('测试镜片加入购物车')\n    @allure.description('这是镜片加入购物车的成功用例')\n    def test_buy_jp(self, open_url1):\n        hp(open_url1).search(bd.success_data_jp[\"title\"])\n        time.sleep(2)\n        # 是否进入搜索结果页\n        assert unquote(open_url1.current_url, encoding='utf-8') == bd.success_data_jp[\"check_url\"]\n        # 点击进入商品详情页,并切换窗口\n        hp(open_url1).click_jp()\n        # 验证是否进入\n        time.sleep(3)\n        assert unquote(open_url1.current_url, encoding='utf-8') == bd.success_data_jp[\"check_product_url\"]\n        # 选择sku并加入购物车\n>       pp(open_url1).banlvhe(bd.success_data_jp[\"count\"])\n\ntest_2buy.py:140: \n_ _ _ _ _ _ _ _ _ _ _ _ _ _ _ _ _ _ _ _ _ _ _ _ _ _ _ _ _ _ _ _ _ _ _ _ _ _ _ _\n..\\PageObjects\\pc\\product_page.py:44: in banlvhe\n    self.input_text(ppl.blh_count, '选择数量', c)\n..\\common\\basepage.py:118: in input_text\n    self.wait_eleVisible(loc,img_doc)\n..\\common\\basepage.py:28: in wait_eleVisible\n    WebDriverWait(self.driver,timeout,frequency).until(EC.visibility_of_element_located(loc))\n_ _ _ _ _ _ _ _ _ _ _ _ _ _ _ _ _ _ _ _ _ _ _ _ _ _ _ _ _ _ _ _ _ _ _ _ _ _ _ _\n\nself = <selenium.webdriver.support.wait.WebDriverWait (session=\"78725ab22fa61920de9cdcff4c3e9a97\")>\nmethod = <selenium.webdriver.support.expected_conditions.visibility_of_element_located object at 0x0000000004E22860>\nmessage = ''\n\n    def until(self, method, message=''):\n        \"\"\"Calls the method provided with the driver as an argument until the \\\n        return value is not False.\"\"\"\n        screen = None\n        stacktrace = None\n    \n        end_time = time.time() + self._timeout\n        while True:\n            try:\n                value = method(self._driver)\n                if value:\n                    return value\n            except self._ignored_exceptions as exc:\n                screen = getattr(exc, 'screen', None)\n                stacktrace = getattr(exc, 'stacktrace', None)\n            time.sleep(self._poll)\n            if time.time() > end_time:\n                break\n>       raise TimeoutException(message, screen, stacktrace)\nE       selenium.common.exceptions.TimeoutException: Message:\n\nE:\\Python3\\lib\\site-packages\\selenium\\webdriver\\support\\wait.py:80: TimeoutException",
    "steps" : [ {
      "name" : "搜索商品",
      "time" : {
        "start" : 1574322126254,
        "stop" : 1574322126921,
        "duration" : 667
      },
      "status" : "passed",
      "steps" : [ ],
      "attachments" : [ ],
      "parameters" : [ {
        "name" : "title",
        "value" : "'万新博览1.56防蓝光非球面近视镜片'"
      } ],
      "attachmentsCount" : 0,
      "shouldDisplayMessage" : false,
      "stepsCount" : 0,
      "hasContent" : true
    }, {
      "name" : "点击进入镜片商品详情页面",
      "time" : {
        "start" : 1574322128932,
        "stop" : 1574322129570,
        "duration" : 638
      },
      "status" : "passed",
      "steps" : [ ],
      "attachments" : [ ],
      "parameters" : [ ],
      "attachmentsCount" : 0,
      "shouldDisplayMessage" : false,
      "stepsCount" : 0,
      "hasContent" : false
    }, {
      "name" : "选择隐形眼镜sku，加入购物车",
      "time" : {
        "start" : 1574322133635,
        "stop" : 1574322164535,
        "duration" : 30900
      },
      "status" : "broken",
      "statusMessage" : "selenium.common.exceptions.TimeoutException: Message: \n\n",
      "statusTrace" : "  File \"E:\\Python3\\lib\\site-packages\\allure_commons\\_allure.py\", line 141, in impl\n    return func(*a, **kw)\n  File \"D:\\B2B\\PageObjects\\pc\\product_page.py\", line 44, in banlvhe\n    self.input_text(ppl.blh_count, '选择数量', c)\n  File \"D:\\B2B\\common\\basepage.py\", line 118, in input_text\n    self.wait_eleVisible(loc,img_doc)\n  File \"D:\\B2B\\common\\basepage.py\", line 28, in wait_eleVisible\n    WebDriverWait(self.driver,timeout,frequency).until(EC.visibility_of_element_located(loc))\n  File \"E:\\Python3\\lib\\site-packages\\selenium\\webdriver\\support\\wait.py\", line 80, in until\n    raise TimeoutException(message, screen, stacktrace)\n",
      "steps" : [ ],
      "attachments" : [ ],
      "parameters" : [ {
        "name" : "c",
        "value" : "'2'"
      } ],
      "attachmentsCount" : 0,
      "shouldDisplayMessage" : true,
      "stepsCount" : 0,
      "hasContent" : true
    } ],
    "attachments" : [ {
      "uid" : "8fb5331998110694",
      "name" : "log",
      "source" : "8fb5331998110694.txt",
      "type" : "text/plain",
      "size" : 2228
    }, {
      "uid" : "37fdebc1afbd7d2c",
      "name" : "stderr",
      "source" : "37fdebc1afbd7d2c.txt",
      "type" : "text/plain",
      "size" : 2664
    } ],
    "parameters" : [ ],
    "attachmentsCount" : 2,
    "shouldDisplayMessage" : true,
    "stepsCount" : 3,
    "hasContent" : true
  },
  "afterStages" : [ {
    "name" : "session_action::0",
    "time" : {
      "start" : 1574322171477,
      "stop" : 1574322171478,
      "duration" : 1
    },
    "status" : "passed",
    "steps" : [ ],
    "attachments" : [ ],
    "parameters" : [ ],
    "attachmentsCount" : 0,
    "shouldDisplayMessage" : false,
    "stepsCount" : 0,
    "hasContent" : false
  }, {
    "name" : "open_url1::0",
    "time" : {
      "start" : 1574322168216,
      "stop" : 1574322171465,
      "duration" : 3249
    },
    "status" : "passed",
    "steps" : [ ],
    "attachments" : [ ],
    "parameters" : [ ],
    "attachmentsCount" : 0,
    "shouldDisplayMessage" : false,
    "stepsCount" : 0,
    "hasContent" : false
  } ],
  "labels" : [ {
    "name" : "feature",
    "value" : "每日用例-加购"
  }, {
    "name" : "story",
    "value" : "测试镜片加入购物车"
  }, {
    "name" : "tag",
    "value" : "demo"
  }, {
    "name" : "parentSuite",
    "value" : "Testcases"
  }, {
    "name" : "suite",
    "value" : "test_2buy"
  }, {
    "name" : "subSuite",
    "value" : "TestLogin"
  }, {
    "name" : "host",
    "value" : "JS-CS-002"
  }, {
    "name" : "thread",
    "value" : "12492-MainThread"
  }, {
    "name" : "framework",
    "value" : "pytest"
  }, {
    "name" : "language",
    "value" : "cpython3"
  }, {
    "name" : "package",
    "value" : "Testcases.test_2buy"
  }, {
    "name" : "resultFormat",
    "value" : "allure2"
  } ],
  "parameters" : [ ],
  "links" : [ ],
  "hidden" : true,
  "retry" : true,
  "extra" : {
    "categories" : [ ],
    "tags" : [ "demo" ]
  },
  "source" : "7a13117186015c89.json",
  "parameterValues" : [ ]
}