{
  "uid" : "9e90aa89cd2972a9",
  "name" : "测试购物车结算",
  "fullName" : "Testcases.test_2buy.TestLogin#test_dz_orders",
  "historyId" : "6e92211f2aba10c95760bd2b2282a274",
  "time" : {
    "start" : 1574323122017,
    "stop" : 1574323152456,
    "duration" : 30439
  },
  "description" : "这是定制片加入购物车的成功用例",
  "descriptionHtml" : "<p>这是定制片加入购物车的成功用例</p>\n",
  "status" : "broken",
  "statusMessage" : "selenium.common.exceptions.TimeoutException: Message:",
  "statusTrace" : "self = <Testcases.test_2buy.TestLogin object at 0x0000000004E1C780>\nopen_url1 = <selenium.webdriver.chrome.webdriver.WebDriver (session=\"76e8af8758d55d4ffbf2bdca03c25b8a\")>\n\n    @pytest.mark.demo\n    @allure.story('测试购物车结算')\n    @allure.title('测试购物车结算')\n    @allure.description('这是定制片加入购物车的成功用例')\n    def test_dz_orders(self,open_url1):\n>       hp(open_url1).click_cart_new()\n\ntest_2buy.py:163: \n_ _ _ _ _ _ _ _ _ _ _ _ _ _ _ _ _ _ _ _ _ _ _ _ _ _ _ _ _ _ _ _ _ _ _ _ _ _ _ _\n..\\PageObjects\\pc\\home_page.py:49: in click_cart_new\n    self.click_element(hpl.go_cart_new, '进入购物车')\n..\\common\\basepage.py:84: in click_element\n    self.wait_eleVisible(loc,img_doc,timeout,frequency)\n..\\common\\basepage.py:28: in wait_eleVisible\n    WebDriverWait(self.driver,timeout,frequency).until(EC.visibility_of_element_located(loc))\n_ _ _ _ _ _ _ _ _ _ _ _ _ _ _ _ _ _ _ _ _ _ _ _ _ _ _ _ _ _ _ _ _ _ _ _ _ _ _ _\n\nself = <selenium.webdriver.support.wait.WebDriverWait (session=\"76e8af8758d55d4ffbf2bdca03c25b8a\")>\nmethod = <selenium.webdriver.support.expected_conditions.visibility_of_element_located object at 0x0000000004E1C9E8>\nmessage = ''\n\n    def until(self, method, message=''):\n        \"\"\"Calls the method provided with the driver as an argument until the \\\n        return value is not False.\"\"\"\n        screen = None\n        stacktrace = None\n    \n        end_time = time.time() + self._timeout\n        while True:\n            try:\n                value = method(self._driver)\n                if value:\n                    return value\n            except self._ignored_exceptions as exc:\n                screen = getattr(exc, 'screen', None)\n                stacktrace = getattr(exc, 'stacktrace', None)\n            time.sleep(self._poll)\n            if time.time() > end_time:\n                break\n>       raise TimeoutException(message, screen, stacktrace)\nE       selenium.common.exceptions.TimeoutException: Message:\n\nE:\\Python3\\lib\\site-packages\\selenium\\webdriver\\support\\wait.py:80: TimeoutException",
  "flaky" : false,
  "newFailed" : false,
  "beforeStages" : [ {
    "name" : "open_url1",
    "time" : {
      "start" : 1574323063975,
      "stop" : 1574323072608,
      "duration" : 8633
    },
    "status" : "passed",
    "steps" : [ ],
    "attachments" : [ ],
    "parameters" : [ ],
    "attachmentsCount" : 0,
    "shouldDisplayMessage" : false,
    "stepsCount" : 0,
    "hasContent" : false
  }, {
    "name" : "session_action",
    "time" : {
      "start" : 1574323063974,
      "stop" : 1574323063975,
      "duration" : 1
    },
    "status" : "passed",
    "steps" : [ ],
    "attachments" : [ ],
    "parameters" : [ ],
    "attachmentsCount" : 0,
    "shouldDisplayMessage" : false,
    "stepsCount" : 0,
    "hasContent" : false
  } ],
  "testStage" : {
    "description" : "这是定制片加入购物车的成功用例",
    "status" : "broken",
    "statusMessage" : "selenium.common.exceptions.TimeoutException: Message:",
    "statusTrace" : "self = <Testcases.test_2buy.TestLogin object at 0x0000000004E1C780>\nopen_url1 = <selenium.webdriver.chrome.webdriver.WebDriver (session=\"76e8af8758d55d4ffbf2bdca03c25b8a\")>\n\n    @pytest.mark.demo\n    @allure.story('测试购物车结算')\n    @allure.title('测试购物车结算')\n    @allure.description('这是定制片加入购物车的成功用例')\n    def test_dz_orders(self,open_url1):\n>       hp(open_url1).click_cart_new()\n\ntest_2buy.py:163: \n_ _ _ _ _ _ _ _ _ _ _ _ _ _ _ _ _ _ _ _ _ _ _ _ _ _ _ _ _ _ _ _ _ _ _ _ _ _ _ _\n..\\PageObjects\\pc\\home_page.py:49: in click_cart_new\n    self.click_element(hpl.go_cart_new, '进入购物车')\n..\\common\\basepage.py:84: in click_element\n    self.wait_eleVisible(loc,img_doc,timeout,frequency)\n..\\common\\basepage.py:28: in wait_eleVisible\n    WebDriverWait(self.driver,timeout,frequency).until(EC.visibility_of_element_located(loc))\n_ _ _ _ _ _ _ _ _ _ _ _ _ _ _ _ _ _ _ _ _ _ _ _ _ _ _ _ _ _ _ _ _ _ _ _ _ _ _ _\n\nself = <selenium.webdriver.support.wait.WebDriverWait (session=\"76e8af8758d55d4ffbf2bdca03c25b8a\")>\nmethod = <selenium.webdriver.support.expected_conditions.visibility_of_element_located object at 0x0000000004E1C9E8>\nmessage = ''\n\n    def until(self, method, message=''):\n        \"\"\"Calls the method provided with the driver as an argument until the \\\n        return value is not False.\"\"\"\n        screen = None\n        stacktrace = None\n    \n        end_time = time.time() + self._timeout\n        while True:\n            try:\n                value = method(self._driver)\n                if value:\n                    return value\n            except self._ignored_exceptions as exc:\n                screen = getattr(exc, 'screen', None)\n                stacktrace = getattr(exc, 'stacktrace', None)\n            time.sleep(self._poll)\n            if time.time() > end_time:\n                break\n>       raise TimeoutException(message, screen, stacktrace)\nE       selenium.common.exceptions.TimeoutException: Message:\n\nE:\\Python3\\lib\\site-packages\\selenium\\webdriver\\support\\wait.py:80: TimeoutException",
    "steps" : [ {
      "name" : "点击进入购物车",
      "time" : {
        "start" : 1574323122017,
        "stop" : 1574323152454,
        "duration" : 30437
      },
      "status" : "broken",
      "statusMessage" : "selenium.common.exceptions.TimeoutException: Message: \n\n",
      "statusTrace" : "  File \"E:\\Python3\\lib\\site-packages\\allure_commons\\_allure.py\", line 141, in impl\n    return func(*a, **kw)\n  File \"D:\\B2B\\PageObjects\\pc\\home_page.py\", line 49, in click_cart_new\n    self.click_element(hpl.go_cart_new, '进入购物车')\n  File \"D:\\B2B\\common\\basepage.py\", line 84, in click_element\n    self.wait_eleVisible(loc,img_doc,timeout,frequency)\n  File \"D:\\B2B\\common\\basepage.py\", line 28, in wait_eleVisible\n    WebDriverWait(self.driver,timeout,frequency).until(EC.visibility_of_element_located(loc))\n  File \"E:\\Python3\\lib\\site-packages\\selenium\\webdriver\\support\\wait.py\", line 80, in until\n    raise TimeoutException(message, screen, stacktrace)\n",
      "steps" : [ ],
      "attachments" : [ ],
      "parameters" : [ ],
      "attachmentsCount" : 0,
      "shouldDisplayMessage" : true,
      "stepsCount" : 0,
      "hasContent" : true
    } ],
    "attachments" : [ {
      "uid" : "55c9f8d4a43806f9",
      "name" : "log",
      "source" : "55c9f8d4a43806f9.txt",
      "type" : "text/plain",
      "size" : 734
    }, {
      "uid" : "6781ffd30d9f7d08",
      "name" : "stderr",
      "source" : "6781ffd30d9f7d08.txt",
      "type" : "text/plain",
      "size" : 829
    } ],
    "parameters" : [ ],
    "attachmentsCount" : 2,
    "shouldDisplayMessage" : true,
    "stepsCount" : 1,
    "hasContent" : true
  },
  "afterStages" : [ {
    "name" : "open_url1::0",
    "time" : {
      "start" : 1574323157524,
      "stop" : 1574323160794,
      "duration" : 3270
    },
    "status" : "passed",
    "steps" : [ ],
    "attachments" : [ ],
    "parameters" : [ ],
    "attachmentsCount" : 0,
    "shouldDisplayMessage" : false,
    "stepsCount" : 0,
    "hasContent" : false
  }, {
    "name" : "session_action::0",
    "time" : {
      "start" : 1574323160800,
      "stop" : 1574323160801,
      "duration" : 1
    },
    "status" : "passed",
    "steps" : [ ],
    "attachments" : [ ],
    "parameters" : [ ],
    "attachmentsCount" : 0,
    "shouldDisplayMessage" : false,
    "stepsCount" : 0,
    "hasContent" : false
  } ],
  "labels" : [ {
    "name" : "story",
    "value" : "测试购物车结算"
  }, {
    "name" : "feature",
    "value" : "每日用例-加购"
  }, {
    "name" : "tag",
    "value" : "demo"
  }, {
    "name" : "parentSuite",
    "value" : "Testcases"
  }, {
    "name" : "suite",
    "value" : "test_2buy"
  }, {
    "name" : "subSuite",
    "value" : "TestLogin"
  }, {
    "name" : "host",
    "value" : "JS-CS-002"
  }, {
    "name" : "thread",
    "value" : "16240-MainThread"
  }, {
    "name" : "framework",
    "value" : "pytest"
  }, {
    "name" : "language",
    "value" : "cpython3"
  }, {
    "name" : "package",
    "value" : "Testcases.test_2buy"
  }, {
    "name" : "resultFormat",
    "value" : "allure2"
  } ],
  "parameters" : [ ],
  "links" : [ ],
  "hidden" : true,
  "retry" : true,
  "extra" : {
    "categories" : [ ],
    "tags" : [ "demo" ]
  },
  "source" : "9e90aa89cd2972a9.json",
  "parameterValues" : [ ]
}