{
  "uid" : "cdadfe1fd31ace1",
  "name" : "test_login2",
  "fullName" : "Testcases.test_1registered.TestLogin#test_login2",
  "historyId" : "f63306f20f17b8881996d952deb87b4c",
  "time" : {
    "start" : 1574305888945,
    "stop" : 1574305930502,
    "duration" : 41557
  },
  "status" : "failed",
  "statusMessage" : "AssertionError: assert True == False\n  -True\n  +False",
  "statusTrace" : "self = <Testcases.test_1registered.TestLogin object at 0x0000000004DC6438>\nopen_url_register = <selenium.webdriver.chrome.webdriver.WebDriver (session=\"27905019bce2a4e612ab73a963a9e8c8\")>\n\n    @pytest.mark.register\n    def test_login2(self,open_url_register):\n        time.sleep(0.1)\n        rp(open_url_register).aggre()\n        rp(open_url_register).check_phone(rd.zhanghao_data[\"phone\"],rd.zhanghao_data[\"code\"])\n        time.sleep(2)\n        assert True == ip(open_url_register).register_check()\n        rp(open_url_register).register(rd.store_data[\"storename\"],rd.store_data[\"address\"],rd.store_data[\"contact\"])\n        rp(open_url_register).update_business(rd.store_data[\"b_address\"])\n        rp(open_url_register).update_medical(rd.store_data[\"m_address\"])\n        time.sleep(2)\n        # rp(open_url_register).tijiao()\n>       assert True==ip(open_url_register).success_register()\nE       assert True == False\nE         -True\nE         +False\n\ntest_1registered.py:43: AssertionError",
  "flaky" : false,
  "newFailed" : false,
  "beforeStages" : [ {
    "name" : "session_action",
    "time" : {
      "start" : 1574305881319,
      "stop" : 1574305881320,
      "duration" : 1
    },
    "status" : "passed",
    "steps" : [ ],
    "attachments" : [ ],
    "parameters" : [ ],
    "attachmentsCount" : 0,
    "shouldDisplayMessage" : false,
    "stepsCount" : 0,
    "hasContent" : false
  }, {
    "name" : "open_url_register",
    "time" : {
      "start" : 1574305881320,
      "stop" : 1574305888942,
      "duration" : 7622
    },
    "status" : "passed",
    "steps" : [ ],
    "attachments" : [ ],
    "parameters" : [ ],
    "attachmentsCount" : 0,
    "shouldDisplayMessage" : false,
    "stepsCount" : 0,
    "hasContent" : false
  } ],
  "testStage" : {
    "status" : "failed",
    "statusMessage" : "AssertionError: assert True == False\n  -True\n  +False",
    "statusTrace" : "self = <Testcases.test_1registered.TestLogin object at 0x0000000004DC6438>\nopen_url_register = <selenium.webdriver.chrome.webdriver.WebDriver (session=\"27905019bce2a4e612ab73a963a9e8c8\")>\n\n    @pytest.mark.register\n    def test_login2(self,open_url_register):\n        time.sleep(0.1)\n        rp(open_url_register).aggre()\n        rp(open_url_register).check_phone(rd.zhanghao_data[\"phone\"],rd.zhanghao_data[\"code\"])\n        time.sleep(2)\n        assert True == ip(open_url_register).register_check()\n        rp(open_url_register).register(rd.store_data[\"storename\"],rd.store_data[\"address\"],rd.store_data[\"contact\"])\n        rp(open_url_register).update_business(rd.store_data[\"b_address\"])\n        rp(open_url_register).update_medical(rd.store_data[\"m_address\"])\n        time.sleep(2)\n        # rp(open_url_register).tijiao()\n>       assert True==ip(open_url_register).success_register()\nE       assert True == False\nE         -True\nE         +False\n\ntest_1registered.py:43: AssertionError",
    "steps" : [ ],
    "attachments" : [ {
      "uid" : "b1118f644828021",
      "name" : "log",
      "source" : "b1118f644828021.txt",
      "type" : "text/plain",
      "size" : 8100
    }, {
      "uid" : "e0017900ba7eac7c",
      "name" : "stdout",
      "source" : "e0017900ba7eac7c.txt",
      "type" : "text/plain",
      "size" : 111
    }, {
      "uid" : "931d49b9a17629c8",
      "name" : "stderr",
      "source" : "931d49b9a17629c8.txt",
      "type" : "text/plain",
      "size" : 9899
    } ],
    "parameters" : [ ],
    "attachmentsCount" : 3,
    "shouldDisplayMessage" : true,
    "stepsCount" : 0,
    "hasContent" : true
  },
  "afterStages" : [ {
    "name" : "session_action::0",
    "time" : {
      "start" : 1574305933595,
      "stop" : 1574305933595,
      "duration" : 0
    },
    "status" : "passed",
    "steps" : [ ],
    "attachments" : [ ],
    "parameters" : [ ],
    "attachmentsCount" : 0,
    "shouldDisplayMessage" : false,
    "stepsCount" : 0,
    "hasContent" : false
  }, {
    "name" : "open_url_register::0",
    "time" : {
      "start" : 1574305930566,
      "stop" : 1574305933592,
      "duration" : 3026
    },
    "status" : "passed",
    "steps" : [ ],
    "attachments" : [ ],
    "parameters" : [ ],
    "attachmentsCount" : 0,
    "shouldDisplayMessage" : false,
    "stepsCount" : 0,
    "hasContent" : false
  } ],
  "labels" : [ {
    "name" : "feature",
    "value" : "每日用例-注册"
  }, {
    "name" : "tag",
    "value" : "register"
  }, {
    "name" : "parentSuite",
    "value" : "Testcases"
  }, {
    "name" : "suite",
    "value" : "test_1registered"
  }, {
    "name" : "subSuite",
    "value" : "TestLogin"
  }, {
    "name" : "host",
    "value" : "JS-CS-002"
  }, {
    "name" : "thread",
    "value" : "10108-MainThread"
  }, {
    "name" : "framework",
    "value" : "pytest"
  }, {
    "name" : "language",
    "value" : "cpython3"
  }, {
    "name" : "package",
    "value" : "Testcases.test_1registered"
  }, {
    "name" : "resultFormat",
    "value" : "allure2"
  } ],
  "parameters" : [ ],
  "links" : [ ],
  "hidden" : true,
  "retry" : true,
  "extra" : {
    "categories" : [ ],
    "tags" : [ "register" ]
  },
  "source" : "cdadfe1fd31ace1.json",
  "parameterValues" : [ ]
}